{"/Users/Jingao/Desktop/new_life_game/test_coverage_byShell/test.js":{"path":"/Users/Jingao/Desktop/new_life_game/test_coverage_byShell/test.js","s":{"1":1,"2":1,"3":1,"4":1,"5":1,"6":1,"7":1,"8":1,"9":1,"10":1,"11":1,"12":1,"13":1,"14":1,"15":104,"16":104,"17":104,"18":104,"19":10816,"20":10816,"21":10816,"22":1,"23":10,"24":10,"25":10,"26":1000,"27":100000,"28":54932,"29":54932,"30":54932,"31":10,"32":10,"33":10,"34":10,"35":10,"36":1,"37":1,"38":1,"39":1,"40":1,"41":1,"42":1,"43":1,"44":8,"45":8,"46":8,"47":8,"48":64,"49":64,"50":64,"51":1,"52":1,"53":1,"54":1,"55":1,"56":1,"57":1,"58":1,"59":1,"60":1,"61":1,"62":1,"63":1,"64":1,"65":1,"66":1,"67":1,"68":1,"69":1,"70":1,"71":1,"72":1,"73":1,"74":1,"75":1,"76":1,"77":1,"78":1,"79":1,"80":1,"81":1,"82":1,"83":1,"84":1,"85":1,"86":8,"87":8,"88":8,"89":8,"90":64,"91":64,"92":64,"93":1,"94":1,"95":1,"96":1,"97":1,"98":1,"99":1,"100":1,"101":1,"102":1,"103":1,"104":1,"105":1,"106":1,"107":1,"108":1,"109":1,"110":1,"111":1,"112":1,"113":1,"114":1,"115":1,"116":1,"117":1,"118":1,"119":1,"120":1,"121":1},"b":{"1":[54932,45068],"2":[10,0],"3":[10,10]},"f":{"1":1,"2":1,"3":1,"4":1,"5":1,"6":1,"7":1},"fnMap":{"1":{"name":"(anonymous_1)","line":6,"loc":{"start":{"line":6,"column":25},"end":{"line":6,"column":36}}},"2":{"name":"(anonymous_2)","line":7,"loc":{"start":{"line":7,"column":45},"end":{"line":7,"column":55}}},"3":{"name":"(anonymous_3)","line":8,"loc":{"start":{"line":8,"column":75},"end":{"line":8,"column":85}}},"4":{"name":"(anonymous_4)","line":48,"loc":{"start":{"line":48,"column":36},"end":{"line":48,"column":47}}},"5":{"name":"(anonymous_5)","line":49,"loc":{"start":{"line":49,"column":74},"end":{"line":49,"column":85}}},"6":{"name":"(anonymous_6)","line":94,"loc":{"start":{"line":94,"column":36},"end":{"line":94,"column":46}}},"7":{"name":"(anonymous_7)","line":95,"loc":{"start":{"line":95,"column":71},"end":{"line":95,"column":81}}}},"statementMap":{"1":{"start":{"line":1,"column":0},"end":{"line":1,"column":27}},"2":{"start":{"line":2,"column":0},"end":{"line":2,"column":25}},"3":{"start":{"line":3,"column":0},"end":{"line":3,"column":25}},"4":{"start":{"line":4,"column":0},"end":{"line":4,"column":30}},"5":{"start":{"line":6,"column":0},"end":{"line":143,"column":3}},"6":{"start":{"line":7,"column":1},"end":{"line":47,"column":4}},"7":{"start":{"line":8,"column":2},"end":{"line":46,"column":5}},"8":{"start":{"line":9,"column":3},"end":{"line":9,"column":20}},"9":{"start":{"line":10,"column":3},"end":{"line":10,"column":20}},"10":{"start":{"line":11,"column":3},"end":{"line":11,"column":17}},"11":{"start":{"line":12,"column":3},"end":{"line":12,"column":39}},"12":{"start":{"line":13,"column":3},"end":{"line":13,"column":45}},"13":{"start":{"line":14,"column":3},"end":{"line":14,"column":39}},"14":{"start":{"line":15,"column":3},"end":{"line":24,"column":4}},"15":{"start":{"line":16,"column":4},"end":{"line":16,"column":43}},"16":{"start":{"line":17,"column":4},"end":{"line":17,"column":49}},"17":{"start":{"line":18,"column":4},"end":{"line":18,"column":43}},"18":{"start":{"line":19,"column":4},"end":{"line":23,"column":5}},"19":{"start":{"line":20,"column":5},"end":{"line":20,"column":23}},"20":{"start":{"line":21,"column":5},"end":{"line":21,"column":29}},"21":{"start":{"line":22,"column":5},"end":{"line":22,"column":23}},"22":{"start":{"line":26,"column":3},"end":{"line":44,"column":4}},"23":{"start":{"line":27,"column":4},"end":{"line":27,"column":25}},"24":{"start":{"line":28,"column":4},"end":{"line":28,"column":24}},"25":{"start":{"line":29,"column":4},"end":{"line":37,"column":5}},"26":{"start":{"line":30,"column":5},"end":{"line":36,"column":6}},"27":{"start":{"line":31,"column":6},"end":{"line":35,"column":7}},"28":{"start":{"line":32,"column":7},"end":{"line":32,"column":21}},"29":{"start":{"line":33,"column":7},"end":{"line":33,"column":25}},"30":{"start":{"line":34,"column":7},"end":{"line":34,"column":31}},"31":{"start":{"line":38,"column":4},"end":{"line":38,"column":59}},"32":{"start":{"line":39,"column":4},"end":{"line":39,"column":27}},"33":{"start":{"line":40,"column":4},"end":{"line":42,"column":5}},"34":{"start":{"line":41,"column":5},"end":{"line":41,"column":23}},"35":{"start":{"line":43,"column":4},"end":{"line":43,"column":26}},"36":{"start":{"line":48,"column":1},"end":{"line":93,"column":4}},"37":{"start":{"line":49,"column":2},"end":{"line":92,"column":5}},"38":{"start":{"line":50,"column":3},"end":{"line":50,"column":18}},"39":{"start":{"line":51,"column":3},"end":{"line":51,"column":18}},"40":{"start":{"line":52,"column":3},"end":{"line":52,"column":39}},"41":{"start":{"line":53,"column":3},"end":{"line":53,"column":45}},"42":{"start":{"line":54,"column":3},"end":{"line":54,"column":39}},"43":{"start":{"line":55,"column":3},"end":{"line":64,"column":4}},"44":{"start":{"line":56,"column":4},"end":{"line":56,"column":43}},"45":{"start":{"line":57,"column":4},"end":{"line":57,"column":49}},"46":{"start":{"line":58,"column":4},"end":{"line":58,"column":43}},"47":{"start":{"line":59,"column":4},"end":{"line":63,"column":5}},"48":{"start":{"line":60,"column":5},"end":{"line":60,"column":23}},"49":{"start":{"line":61,"column":5},"end":{"line":61,"column":29}},"50":{"start":{"line":62,"column":5},"end":{"line":62,"column":23}},"51":{"start":{"line":65,"column":3},"end":{"line":65,"column":21}},"52":{"start":{"line":66,"column":3},"end":{"line":66,"column":21}},"53":{"start":{"line":67,"column":3},"end":{"line":67,"column":21}},"54":{"start":{"line":68,"column":3},"end":{"line":68,"column":21}},"55":{"start":{"line":69,"column":3},"end":{"line":69,"column":21}},"56":{"start":{"line":70,"column":3},"end":{"line":70,"column":27}},"57":{"start":{"line":71,"column":3},"end":{"line":71,"column":27}},"58":{"start":{"line":72,"column":3},"end":{"line":72,"column":27}},"59":{"start":{"line":73,"column":3},"end":{"line":73,"column":27}},"60":{"start":{"line":74,"column":3},"end":{"line":74,"column":27}},"61":{"start":{"line":75,"column":3},"end":{"line":75,"column":15}},"62":{"start":{"line":76,"column":3},"end":{"line":76,"column":33}},"63":{"start":{"line":77,"column":3},"end":{"line":77,"column":33}},"64":{"start":{"line":78,"column":3},"end":{"line":78,"column":33}},"65":{"start":{"line":79,"column":3},"end":{"line":79,"column":33}},"66":{"start":{"line":80,"column":3},"end":{"line":80,"column":33}},"67":{"start":{"line":81,"column":3},"end":{"line":81,"column":33}},"68":{"start":{"line":82,"column":3},"end":{"line":82,"column":33}},"69":{"start":{"line":83,"column":3},"end":{"line":83,"column":33}},"70":{"start":{"line":84,"column":3},"end":{"line":84,"column":33}},"71":{"start":{"line":85,"column":3},"end":{"line":85,"column":33}},"72":{"start":{"line":86,"column":3},"end":{"line":86,"column":33}},"73":{"start":{"line":87,"column":3},"end":{"line":87,"column":33}},"74":{"start":{"line":88,"column":3},"end":{"line":88,"column":33}},"75":{"start":{"line":89,"column":3},"end":{"line":89,"column":33}},"76":{"start":{"line":90,"column":3},"end":{"line":90,"column":33}},"77":{"start":{"line":91,"column":3},"end":{"line":91,"column":33}},"78":{"start":{"line":94,"column":1},"end":{"line":142,"column":4}},"79":{"start":{"line":95,"column":2},"end":{"line":141,"column":5}},"80":{"start":{"line":96,"column":3},"end":{"line":96,"column":18}},"81":{"start":{"line":97,"column":3},"end":{"line":97,"column":18}},"82":{"start":{"line":98,"column":3},"end":{"line":98,"column":39}},"83":{"start":{"line":99,"column":3},"end":{"line":99,"column":45}},"84":{"start":{"line":100,"column":3},"end":{"line":100,"column":39}},"85":{"start":{"line":101,"column":3},"end":{"line":111,"column":4}},"86":{"start":{"line":102,"column":4},"end":{"line":102,"column":43}},"87":{"start":{"line":103,"column":4},"end":{"line":103,"column":49}},"88":{"start":{"line":104,"column":4},"end":{"line":104,"column":43}},"89":{"start":{"line":105,"column":4},"end":{"line":110,"column":5}},"90":{"start":{"line":106,"column":5},"end":{"line":106,"column":23}},"91":{"start":{"line":107,"column":5},"end":{"line":107,"column":29}},"92":{"start":{"line":108,"column":5},"end":{"line":108,"column":23}},"93":{"start":{"line":112,"column":3},"end":{"line":112,"column":21}},"94":{"start":{"line":113,"column":3},"end":{"line":113,"column":21}},"95":{"start":{"line":114,"column":3},"end":{"line":114,"column":21}},"96":{"start":{"line":115,"column":3},"end":{"line":115,"column":21}},"97":{"start":{"line":116,"column":3},"end":{"line":116,"column":21}},"98":{"start":{"line":117,"column":3},"end":{"line":117,"column":21}},"99":{"start":{"line":118,"column":3},"end":{"line":118,"column":21}},"100":{"start":{"line":119,"column":3},"end":{"line":119,"column":27}},"101":{"start":{"line":120,"column":3},"end":{"line":120,"column":27}},"102":{"start":{"line":121,"column":3},"end":{"line":121,"column":27}},"103":{"start":{"line":122,"column":3},"end":{"line":122,"column":27}},"104":{"start":{"line":123,"column":3},"end":{"line":123,"column":27}},"105":{"start":{"line":124,"column":3},"end":{"line":124,"column":15}},"106":{"start":{"line":125,"column":3},"end":{"line":125,"column":33}},"107":{"start":{"line":126,"column":3},"end":{"line":126,"column":33}},"108":{"start":{"line":127,"column":3},"end":{"line":127,"column":33}},"109":{"start":{"line":128,"column":3},"end":{"line":128,"column":33}},"110":{"start":{"line":129,"column":3},"end":{"line":129,"column":33}},"111":{"start":{"line":130,"column":3},"end":{"line":130,"column":33}},"112":{"start":{"line":131,"column":3},"end":{"line":131,"column":33}},"113":{"start":{"line":132,"column":3},"end":{"line":132,"column":33}},"114":{"start":{"line":133,"column":3},"end":{"line":133,"column":33}},"115":{"start":{"line":134,"column":3},"end":{"line":134,"column":33}},"116":{"start":{"line":135,"column":3},"end":{"line":135,"column":33}},"117":{"start":{"line":136,"column":3},"end":{"line":136,"column":33}},"118":{"start":{"line":137,"column":3},"end":{"line":137,"column":33}},"119":{"start":{"line":138,"column":3},"end":{"line":138,"column":33}},"120":{"start":{"line":139,"column":3},"end":{"line":139,"column":33}},"121":{"start":{"line":140,"column":3},"end":{"line":140,"column":33}}},"branchMap":{"1":{"line":31,"type":"if","locations":[{"start":{"line":31,"column":6},"end":{"line":31,"column":6}},{"start":{"line":31,"column":6},"end":{"line":31,"column":6}}]},"2":{"line":40,"type":"if","locations":[{"start":{"line":40,"column":4},"end":{"line":40,"column":4}},{"start":{"line":40,"column":4},"end":{"line":40,"column":4}}]},"3":{"line":40,"type":"binary-expr","locations":[{"start":{"line":40,"column":7},"end":{"line":40,"column":32}},{"start":{"line":40,"column":36},"end":{"line":40,"column":61}}]}}},"/Users/Jingao/Desktop/new_life_game/test_coverage_byShell/main.js":{"path":"/Users/Jingao/Desktop/new_life_game/test_coverage_byShell/main.js","s":{"1":1,"2":10,"3":1000,"4":100000,"5":100000,"6":100000,"7":54932,"8":45068,"9":100000,"10":1,"11":2,"12":8,"13":32,"14":30,"15":2,"16":8,"17":32,"18":1,"19":30,"20":30,"21":30,"22":4,"23":26,"24":12,"25":14,"26":1,"27":1},"b":{"1":[54932,45068],"2":[100000,54932],"3":[30,2],"4":[4,26],"5":[12,14]},"f":{"1":10,"2":2,"3":30},"fnMap":{"1":{"name":"Initialize_cell","line":2,"loc":{"start":{"line":2,"column":0},"end":{"line":2,"column":26}}},"2":{"name":"Update","line":17,"loc":{"start":{"line":17,"column":0},"end":{"line":17,"column":17}}},"3":{"name":"changeState","line":34,"loc":{"start":{"line":34,"column":0},"end":{"line":34,"column":26}}}},"statementMap":{"1":{"start":{"line":2,"column":0},"end":{"line":15,"column":1}},"2":{"start":{"line":3,"column":1},"end":{"line":13,"column":2}},"3":{"start":{"line":4,"column":2},"end":{"line":12,"column":3}},"4":{"start":{"line":5,"column":3},"end":{"line":5,"column":41}},"5":{"start":{"line":6,"column":3},"end":{"line":6,"column":46}},"6":{"start":{"line":7,"column":3},"end":{"line":10,"column":22}},"7":{"start":{"line":8,"column":4},"end":{"line":8,"column":22}},"8":{"start":{"line":10,"column":4},"end":{"line":10,"column":22}},"9":{"start":{"line":11,"column":3},"end":{"line":11,"column":39}},"10":{"start":{"line":17,"column":0},"end":{"line":31,"column":1}},"11":{"start":{"line":18,"column":1},"end":{"line":24,"column":2}},"12":{"start":{"line":19,"column":2},"end":{"line":23,"column":3}},"13":{"start":{"line":20,"column":3},"end":{"line":22,"column":4}},"14":{"start":{"line":21,"column":4},"end":{"line":21,"column":22}},"15":{"start":{"line":26,"column":1},"end":{"line":30,"column":2}},"16":{"start":{"line":27,"column":2},"end":{"line":29,"column":3}},"17":{"start":{"line":28,"column":3},"end":{"line":28,"column":39}},"18":{"start":{"line":34,"column":0},"end":{"line":51,"column":1}},"19":{"start":{"line":35,"column":1},"end":{"line":35,"column":20}},"20":{"start":{"line":37,"column":1},"end":{"line":39,"column":36}},"21":{"start":{"line":41,"column":1},"end":{"line":49,"column":2}},"22":{"start":{"line":42,"column":2},"end":{"line":42,"column":26}},"23":{"start":{"line":44,"column":6},"end":{"line":49,"column":2}},"24":{"start":{"line":45,"column":2},"end":{"line":45,"column":9}},"25":{"start":{"line":48,"column":2},"end":{"line":48,"column":26}},"26":{"start":{"line":52,"column":0},"end":{"line":52,"column":49}},"27":{"start":{"line":53,"column":0},"end":{"line":53,"column":31}}},"branchMap":{"1":{"line":7,"type":"if","locations":[{"start":{"line":7,"column":3},"end":{"line":7,"column":3}},{"start":{"line":7,"column":3},"end":{"line":7,"column":3}}]},"2":{"line":7,"type":"binary-expr","locations":[{"start":{"line":7,"column":6},"end":{"line":7,"column":16}},{"start":{"line":7,"column":20},"end":{"line":7,"column":39}}]},"3":{"line":20,"type":"if","locations":[{"start":{"line":20,"column":3},"end":{"line":20,"column":3}},{"start":{"line":20,"column":3},"end":{"line":20,"column":3}}]},"4":{"line":41,"type":"if","locations":[{"start":{"line":41,"column":1},"end":{"line":41,"column":1}},{"start":{"line":41,"column":1},"end":{"line":41,"column":1}}]},"5":{"line":44,"type":"if","locations":[{"start":{"line":44,"column":6},"end":{"line":44,"column":6}},{"start":{"line":44,"column":6},"end":{"line":44,"column":6}}]}}}}