TN:
SF:/Users/Jingao/Desktop/new_life_game/test_coverage_byShell/test.js
FN:6,(anonymous_1)
FN:7,(anonymous_2)
FN:8,(anonymous_3)
FN:48,(anonymous_4)
FN:49,(anonymous_5)
FN:94,(anonymous_6)
FN:95,(anonymous_7)
FNF:7
FNH:7
FNDA:1,(anonymous_1)
FNDA:1,(anonymous_2)
FNDA:1,(anonymous_3)
FNDA:1,(anonymous_4)
FNDA:1,(anonymous_5)
FNDA:1,(anonymous_6)
FNDA:1,(anonymous_7)
DA:1,1
DA:2,1
DA:3,1
DA:4,1
DA:6,1
DA:7,1
DA:8,1
DA:9,1
DA:10,1
DA:11,1
DA:12,1
DA:13,1
DA:14,1
DA:15,1
DA:16,104
DA:17,104
DA:18,104
DA:19,104
DA:20,10816
DA:21,10816
DA:22,10816
DA:26,1
DA:27,10
DA:28,10
DA:29,10
DA:30,1000
DA:31,100000
DA:32,54932
DA:33,54932
DA:34,54932
DA:38,10
DA:39,10
DA:40,10
DA:41,10
DA:43,10
DA:48,1
DA:49,1
DA:50,1
DA:51,1
DA:52,1
DA:53,1
DA:54,1
DA:55,1
DA:56,8
DA:57,8
DA:58,8
DA:59,8
DA:60,64
DA:61,64
DA:62,64
DA:65,1
DA:66,1
DA:67,1
DA:68,1
DA:69,1
DA:70,1
DA:71,1
DA:72,1
DA:73,1
DA:74,1
DA:75,1
DA:76,1
DA:77,1
DA:78,1
DA:79,1
DA:80,1
DA:81,1
DA:82,1
DA:83,1
DA:84,1
DA:85,1
DA:86,1
DA:87,1
DA:88,1
DA:89,1
DA:90,1
DA:91,1
DA:94,1
DA:95,1
DA:96,1
DA:97,1
DA:98,1
DA:99,1
DA:100,1
DA:101,1
DA:102,8
DA:103,8
DA:104,8
DA:105,8
DA:106,64
DA:107,64
DA:108,64
DA:112,1
DA:113,1
DA:114,1
DA:115,1
DA:116,1
DA:117,1
DA:118,1
DA:119,1
DA:120,1
DA:121,1
DA:122,1
DA:123,1
DA:124,1
DA:125,1
DA:126,1
DA:127,1
DA:128,1
DA:129,1
DA:130,1
DA:131,1
DA:132,1
DA:133,1
DA:134,1
DA:135,1
DA:136,1
DA:137,1
DA:138,1
DA:139,1
DA:140,1
LF:121
LH:121
BRDA:31,1,0,54932
BRDA:31,1,1,45068
BRDA:40,2,0,10
BRDA:40,2,1,0
BRDA:40,3,0,10
BRDA:40,3,1,10
BRF:6
BRH:5
end_of_record
TN:
SF:/Users/Jingao/Desktop/new_life_game/test_coverage_byShell/main.js
FN:2,Initialize_cell
FN:17,Update
FN:34,changeState
FNF:3
FNH:3
FNDA:10,Initialize_cell
FNDA:2,Update
FNDA:30,changeState
DA:2,1
DA:3,10
DA:4,1000
DA:5,100000
DA:6,100000
DA:7,100000
DA:8,54932
DA:10,45068
DA:11,100000
DA:17,1
DA:18,2
DA:19,8
DA:20,32
DA:21,30
DA:26,2
DA:27,8
DA:28,32
DA:34,1
DA:35,30
DA:37,30
DA:41,30
DA:42,4
DA:44,26
DA:45,12
DA:48,14
DA:52,1
DA:53,1
LF:27
LH:27
BRDA:7,1,0,54932
BRDA:7,1,1,45068
BRDA:7,2,0,100000
BRDA:7,2,1,54932
BRDA:20,3,0,30
BRDA:20,3,1,2
BRDA:41,4,0,4
BRDA:41,4,1,26
BRDA:44,5,0,12
BRDA:44,5,1,14
BRF:10
BRH:10
end_of_record
